
-pre-init:

-init-private:

-init-user:

-init-project:

-init-macrodef-property:

-do-init:

-post-init:

-init-check:

-init-ap-cmdline-properties:

-init-macrodef-javac-with-processors:

-init-macrodef-javac-without-processors:

-init-macrodef-javac:

-init-macrodef-junit:

-init-debug-args:

-init-macrodef-nbjpda:

-init-macrodef-debug:

-init-macrodef-java:

-init-presetdef-jar:

-init-ap-cmdline-supported:

-init-ap-cmdline:

init:

-deps-jar-init:
   [delete] Deleting: /home/alexandra/IdeaProjects/TMCProjects/mooc-2013-OOProgrammingWithJava-PART1/week2-037.PrintingOutText/build/built-jar.properties

deps-jar:

-warn-already-built-jar:
[propertyfile] Updating property file: /home/alexandra/IdeaProjects/TMCProjects/mooc-2013-OOProgrammingWithJava-PART1/week2-037.PrintingOutText/build/built-jar.properties

-check-automatic-build:

-clean-after-automatic-build:

-verify-automatic-build:

-pre-pre-compile:

-pre-compile:

-copy-persistence-xml:

-compile-depend:

-do-compile:
    [javac] Compiling 1 source file to /home/alexandra/IdeaProjects/TMCProjects/mooc-2013-OOProgrammingWithJava-PART1/week2-037.PrintingOutText/build/classes
    [javac] warning: [options] bootstrap class path not set in conjunction with -source 1.6
    [javac] 1 warning
     [copy] Copying 1 file to /home/alexandra/IdeaProjects/TMCProjects/mooc-2013-OOProgrammingWithJava-PART1/week2-037.PrintingOutText/build/classes

-post-compile:

compile:

-pre-pre-compile-test:
    [mkdir] Created dir: /home/alexandra/IdeaProjects/TMCProjects/mooc-2013-OOProgrammingWithJava-PART1/week2-037.PrintingOutText/build/test/classes

-pre-compile-test:

-compile-test-depend:

-do-compile-test:
    [javac] Compiling 1 source file to /home/alexandra/IdeaProjects/TMCProjects/mooc-2013-OOProgrammingWithJava-PART1/week2-037.PrintingOutText/build/test/classes
    [javac] warning: [options] bootstrap class path not set in conjunction with -source 1.6
    [javac] /home/alexandra/IdeaProjects/TMCProjects/mooc-2013-OOProgrammingWithJava-PART1/week2-037.PrintingOutText/test/PrintingOutTextTest.java:24: error: method printText in class PrintingOutText cannot be applied to given types;
    [javac]         PrintingOutText.printText();
    [javac]                        ^
    [javac]   required: String
    [javac]   found: no arguments
    [javac]   reason: actual and formal argument lists differ in length
    [javac] /home/alexandra/IdeaProjects/TMCProjects/mooc-2013-OOProgrammingWithJava-PART1/week2-037.PrintingOutText/test/PrintingOutTextTest.java:30: error: method printText in class PrintingOutText cannot be applied to given types;
    [javac]         PrintingOutText.printText();
    [javac]                        ^
    [javac]   required: String
    [javac]   found: no arguments
    [javac]   reason: actual and formal argument lists differ in length
    [javac] 2 errors
    [javac] 1 warning
